{
  "RSpec": {
    "coverage": {
      "C:/Users/Lenovo/Documents/GitHub/4152-Project/app/helpers/application_helper.rb": {
        "lines": [
          1,
          null
        ]
      },
      "C:/Users/Lenovo/Documents/GitHub/4152-Project/app/helpers/artworks_helper.rb": {
        "lines": [
          1,
          null
        ]
      },
      "C:/Users/Lenovo/Documents/GitHub/4152-Project/app/helpers/image_search_helper.rb": {
        "lines": [
          1,
          null
        ]
      },
      "C:/Users/Lenovo/Documents/GitHub/4152-Project/app/helpers/sessions_helper.rb": {
        "lines": [
          null,
          null,
          1,
          null,
          1,
          11,
          null,
          null,
          1,
          4,
          null,
          null,
          null,
          1,
          2,
          null,
          null
        ]
      },
      "C:/Users/Lenovo/Documents/GitHub/4152-Project/app/helpers/users_helper.rb": {
        "lines": [
          1,
          null
        ]
      },
      "C:/Users/Lenovo/Documents/GitHub/4152-Project/app/helpers/welcome_helper.rb": {
        "lines": [
          1,
          null
        ]
      },
      "C:/Users/Lenovo/Documents/GitHub/4152-Project/app/controllers/artworks_controller.rb": {
        "lines": [
          1,
          null,
          1,
          0,
          null,
          null,
          1,
          2,
          2,
          1,
          null,
          null,
          null,
          null
        ]
      },
      "C:/Users/Lenovo/Documents/GitHub/4152-Project/app/controllers/application_controller.rb": {
        "lines": [
          1,
          1,
          null,
          1,
          null,
          10,
          null,
          null,
          1,
          7,
          1,
          null,
          null,
          null,
          1,
          0,
          null,
          null
        ]
      },
      "C:/Users/Lenovo/Documents/GitHub/4152-Project/app/controllers/image_search_controller.rb": {
        "lines": [
          1,
          1,
          1,
          1,
          1,
          1,
          1,
          null,
          1,
          5,
          4,
          4,
          null,
          null,
          null,
          null,
          4,
          1,
          null,
          null,
          3,
          null,
          null,
          4,
          3,
          3,
          null,
          1,
          null,
          null,
          null,
          1,
          null,
          null,
          null,
          1,
          null,
          3,
          3,
          3,
          null,
          null,
          1,
          3,
          3,
          3,
          3,
          3,
          null,
          3,
          3,
          3,
          null,
          null,
          null,
          null,
          null,
          1,
          null,
          4,
          null,
          null,
          null
        ]
      },
      "C:/Users/Lenovo/Documents/GitHub/4152-Project/app/controllers/sessions_controller.rb": {
        "lines": [
          1,
          1,
          null,
          null,
          null,
          1,
          5,
          null,
          null,
          null,
          5,
          3,
          3,
          null,
          2,
          2,
          2,
          null,
          null,
          null,
          1,
          null,
          1,
          1,
          null,
          null,
          1,
          null,
          null,
          1,
          3,
          null,
          null,
          null,
          null,
          null,
          null,
          null,
          null,
          null,
          null,
          null,
          null,
          null,
          null,
          null,
          null,
          null,
          null
        ]
      },
      "C:/Users/Lenovo/Documents/GitHub/4152-Project/app/controllers/users_controller.rb": {
        "lines": [
          1,
          null,
          1,
          2,
          null,
          null,
          1,
          2,
          2,
          null,
          1,
          null,
          1,
          null,
          null,
          null,
          1,
          2,
          null,
          2,
          null,
          null,
          null,
          1,
          2,
          null,
          null,
          1,
          4,
          4,
          2,
          null,
          2,
          null,
          null,
          null,
          1,
          0,
          null,
          null,
          1,
          null,
          null,
          1,
          6,
          null,
          null
        ]
      },
      "C:/Users/Lenovo/Documents/GitHub/4152-Project/app/models/artwork.rb": {
        "lines": [
          1,
          1,
          null
        ]
      },
      "C:/Users/Lenovo/Documents/GitHub/4152-Project/app/models/application_record.rb": {
        "lines": [
          1,
          1,
          null
        ]
      },
      "C:/Users/Lenovo/Documents/GitHub/4152-Project/app/models/user.rb": {
        "lines": [
          1,
          1,
          null,
          1,
          1,
          null,
          1,
          26,
          null,
          1,
          1,
          null,
          1,
          null,
          1,
          null
        ]
      }
    },
    "timestamp": 1700090421
  },
  "Cucumber Features": {
    "coverage": {
      "C:/Users/Lenovo/Documents/GitHub/4152-Project/app/models/user.rb": {
        "lines": [
          1,
          1,
          null,
          1,
          1,
          null,
          1,
          39,
          null,
          1,
          1,
          null,
          1,
          null,
          1,
          null
        ]
      },
      "C:/Users/Lenovo/Documents/GitHub/4152-Project/app/models/application_record.rb": {
        "lines": [
          1,
          1,
          null
        ]
      },
      "C:/Users/Lenovo/Documents/GitHub/4152-Project/app/controllers/sessions_controller.rb": {
        "lines": [
          1,
          1,
          null,
          null,
          null,
          1,
          21,
          null,
          null,
          null,
          21,
          16,
          16,
          null,
          5,
          5,
          5,
          null,
          null,
          null,
          1,
          null,
          3,
          3,
          null,
          null,
          1,
          null,
          null,
          1,
          16,
          null,
          null,
          null,
          null,
          null,
          null,
          null,
          null,
          null,
          null,
          null,
          null,
          null,
          null,
          null,
          null,
          null,
          null
        ]
      },
      "C:/Users/Lenovo/Documents/GitHub/4152-Project/app/controllers/application_controller.rb": {
        "lines": [
          1,
          1,
          null,
          1,
          null,
          189,
          null,
          null,
          1,
          10,
          1,
          null,
          null,
          null,
          1,
          91,
          null,
          null
        ]
      },
      "C:/Users/Lenovo/Documents/GitHub/4152-Project/app/helpers/application_helper.rb": {
        "lines": [
          1,
          null
        ]
      },
      "C:/Users/Lenovo/Documents/GitHub/4152-Project/app/helpers/artworks_helper.rb": {
        "lines": [
          1,
          null
        ]
      },
      "C:/Users/Lenovo/Documents/GitHub/4152-Project/app/helpers/image_search_helper.rb": {
        "lines": [
          1,
          null
        ]
      },
      "C:/Users/Lenovo/Documents/GitHub/4152-Project/app/helpers/sessions_helper.rb": {
        "lines": [
          null,
          null,
          1,
          null,
          1,
          0,
          null,
          null,
          1,
          0,
          null,
          null,
          null,
          1,
          0,
          null,
          null
        ]
      },
      "C:/Users/Lenovo/Documents/GitHub/4152-Project/app/helpers/users_helper.rb": {
        "lines": [
          1,
          null
        ]
      },
      "C:/Users/Lenovo/Documents/GitHub/4152-Project/app/helpers/welcome_helper.rb": {
        "lines": [
          1,
          null
        ]
      },
      "C:/Users/Lenovo/Documents/GitHub/4152-Project/app/controllers/users_controller.rb": {
        "lines": [
          1,
          null,
          1,
          7,
          null,
          null,
          1,
          7,
          7,
          null,
          2,
          null,
          5,
          null,
          null,
          null,
          1,
          21,
          null,
          21,
          null,
          null,
          null,
          1,
          6,
          null,
          null,
          1,
          6,
          6,
          5,
          null,
          1,
          null,
          null,
          null,
          1,
          10,
          null,
          null,
          1,
          null,
          null,
          1,
          13,
          null,
          null
        ]
      },
      "C:/Users/Lenovo/Documents/GitHub/4152-Project/app/models/artwork.rb": {
        "lines": [
          1,
          1,
          null
        ]
      },
      "C:/Users/Lenovo/Documents/GitHub/4152-Project/app/controllers/image_search_controller.rb": {
        "lines": [
          1,
          1,
          1,
          1,
          1,
          1,
          6,
          null,
          1,
          3,
          2,
          2,
          null,
          null,
          null,
          null,
          2,
          1,
          null,
          null,
          1,
          null,
          null,
          2,
          0,
          0,
          null,
          2,
          null,
          null,
          null,
          1,
          null,
          null,
          null,
          1,
          null,
          0,
          0,
          0,
          null,
          null,
          1,
          2,
          2,
          2,
          2,
          2,
          null,
          2,
          2,
          2,
          null,
          null,
          null,
          null,
          null,
          1,
          null,
          2,
          null,
          null,
          null
        ]
      },
      "C:/Users/Lenovo/Documents/GitHub/4152-Project/app/controllers/artworks_controller.rb": {
        "lines": [
          1,
          null,
          1,
          0,
          null,
          null,
          1,
          2,
          2,
          1,
          null,
          null,
          null,
          null
        ]
      }
    },
    "timestamp": 1700090440
  }
}
