{
  "RSpec": {
    "coverage": {
      "/Users/aprilzhou/Downloads/4152-Project/app/helpers/application_helper.rb": {
        "lines": [
          1,
          null
        ]
      },
      "/Users/aprilzhou/Downloads/4152-Project/app/helpers/artworks_helper.rb": {
        "lines": [
          1,
          null
        ]
      },
      "/Users/aprilzhou/Downloads/4152-Project/app/helpers/image_search_helper.rb": {
        "lines": [
          1,
          null
        ]
      },
      "/Users/aprilzhou/Downloads/4152-Project/app/helpers/sessions_helper.rb": {
        "lines": [
          null,
          null,
          1,
          null,
          1,
          3,
          null,
          null,
          1,
          4,
          null,
          null,
          null,
          1,
          2,
          null,
          null
        ]
      },
      "/Users/aprilzhou/Downloads/4152-Project/app/helpers/users_helper.rb": {
        "lines": [
          1,
          null
        ]
      },
      "/Users/aprilzhou/Downloads/4152-Project/app/helpers/welcome_helper.rb": {
        "lines": [
          1,
          null
        ]
      },
      "/Users/aprilzhou/Downloads/4152-Project/app/controllers/artworks_controller.rb": {
        "lines": [
          1,
          1,
          2,
          2,
          1,
          null,
          null,
          null
        ]
      },
      "/Users/aprilzhou/Downloads/4152-Project/app/controllers/application_controller.rb": {
        "lines": [
          1,
          null
        ]
      },
      "/Users/aprilzhou/Downloads/4152-Project/app/controllers/image_search_controller.rb": {
        "lines": [
          1,
          1,
          3,
          null,
          null,
          null,
          null,
          2,
          1,
          null,
          null,
          1,
          null,
          null,
          2,
          1,
          null,
          1,
          null,
          null,
          null,
          1,
          null,
          null,
          null
        ]
      },
      "/Users/aprilzhou/Downloads/4152-Project/app/controllers/sessions_controller.rb": {
        "lines": [
          1,
          1,
          null,
          null,
          null,
          1,
          5,
          null,
          null,
          null,
          5,
          3,
          3,
          null,
          2,
          2,
          2,
          null,
          null,
          null,
          1,
          null,
          1,
          1,
          null,
          null,
          1,
          null,
          null,
          1,
          3,
          null,
          null,
          null,
          null,
          null,
          null,
          null,
          null
        ]
      },
      "/Users/aprilzhou/Downloads/4152-Project/app/controllers/users_controller.rb": {
        "lines": [
          1,
          1,
          2,
          null,
          null,
          1,
          2,
          2,
          null,
          1,
          null,
          1,
          null,
          null,
          null,
          1,
          2,
          null,
          null,
          1,
          2,
          null,
          null,
          1,
          4,
          4,
          2,
          null,
          2,
          null,
          null,
          null,
          1,
          null,
          null,
          1,
          6,
          null,
          null
        ]
      },
      "/Users/aprilzhou/Downloads/4152-Project/app/models/artwork.rb": {
        "lines": [
          1,
          1,
          null
        ]
      },
      "/Users/aprilzhou/Downloads/4152-Project/app/models/application_record.rb": {
        "lines": [
          1,
          1,
          null
        ]
      },
      "/Users/aprilzhou/Downloads/4152-Project/app/models/user.rb": {
        "lines": [
          1,
          1,
          1,
          null,
          1,
          null
        ]
      }
    },
    "timestamp": 1698859561
  },
  "Cucumber Features": {
    "coverage": {
      "/Users/aprilzhou/Downloads/4152-Project/app/models/user.rb": {
        "lines": [
          1,
          1,
          1,
          null,
          1,
          null
        ]
      },
      "/Users/aprilzhou/Downloads/4152-Project/app/models/application_record.rb": {
        "lines": [
          1,
          1,
          null
        ]
      },
      "/Users/aprilzhou/Downloads/4152-Project/app/controllers/sessions_controller.rb": {
        "lines": [
          1,
          1,
          null,
          null,
          null,
          1,
          9,
          null,
          null,
          null,
          9,
          6,
          6,
          null,
          3,
          3,
          3,
          null,
          null,
          null,
          1,
          null,
          1,
          1,
          null,
          null,
          1,
          null,
          null,
          1,
          6,
          null,
          null,
          null,
          null,
          null,
          null,
          null,
          null
        ]
      },
      "/Users/aprilzhou/Downloads/4152-Project/app/controllers/application_controller.rb": {
        "lines": [
          1,
          null
        ]
      },
      "/Users/aprilzhou/Downloads/4152-Project/app/helpers/application_helper.rb": {
        "lines": [
          1,
          null
        ]
      },
      "/Users/aprilzhou/Downloads/4152-Project/app/helpers/artworks_helper.rb": {
        "lines": [
          1,
          null
        ]
      },
      "/Users/aprilzhou/Downloads/4152-Project/app/helpers/image_search_helper.rb": {
        "lines": [
          1,
          null
        ]
      },
      "/Users/aprilzhou/Downloads/4152-Project/app/helpers/sessions_helper.rb": {
        "lines": [
          null,
          null,
          1,
          null,
          1,
          0,
          null,
          null,
          1,
          0,
          null,
          null,
          null,
          1,
          0,
          null,
          null
        ]
      },
      "/Users/aprilzhou/Downloads/4152-Project/app/helpers/users_helper.rb": {
        "lines": [
          1,
          null
        ]
      },
      "/Users/aprilzhou/Downloads/4152-Project/app/helpers/welcome_helper.rb": {
        "lines": [
          1,
          null
        ]
      },
      "/Users/aprilzhou/Downloads/4152-Project/app/controllers/users_controller.rb": {
        "lines": [
          1,
          1,
          3,
          null,
          null,
          1,
          3,
          3,
          null,
          1,
          null,
          2,
          null,
          null,
          null,
          1,
          10,
          null,
          null,
          1,
          3,
          null,
          null,
          1,
          3,
          3,
          1,
          null,
          2,
          null,
          null,
          null,
          1,
          null,
          null,
          1,
          6,
          null,
          null
        ]
      },
      "/Users/aprilzhou/Downloads/4152-Project/app/models/artwork.rb": {
        "lines": [
          1,
          1,
          null
        ]
      },
      "/Users/aprilzhou/Downloads/4152-Project/app/controllers/image_search_controller.rb": {
        "lines": [
          1,
          1,
          3,
          null,
          null,
          null,
          null,
          2,
          1,
          null,
          null,
          1,
          null,
          null,
          2,
          1,
          null,
          1,
          null,
          null,
          null,
          1,
          null,
          null,
          null
        ]
      },
      "/Users/aprilzhou/Downloads/4152-Project/app/controllers/artworks_controller.rb": {
        "lines": [
          1,
          1,
          3,
          3,
          1,
          null,
          null,
          null
        ]
      }
    },
    "timestamp": 1698859545
  }
}
